<?xml version="1.0" encoding="utf-8"?><testsuite errors="0" failures="3" name="pytest" skips="0" tests="6" time="10.059"><testcase classname="test.uitests.ApplicationGUI" file="test/uitests.py" line="33" name="test_A_hosting" time="7.02697491646"></testcase><testcase classname="test.uitests.ApplicationGUI" file="test/uitests.py" line="41" name="test_B_directory_listing_superficial" time="0.0713028907776"><failure message="AssertionError: False is not true">self = &lt;groundcontrol.test.uitests.ApplicationGUI testMethod=test_B_directory_listing_superficial&gt;

    def test_B_directory_listing_superficial(self):
        aside = self.driver.find_element_by_id(&apos;left-panel&apos;)
        navbox = aside.find_element_by_id(&apos;navBox&apos;)
        ul =  navbox.find_element_by_class_name(&apos;jarvis-menu-applied&apos;)
        list = ul.find_elements_by_tag_name(&apos;a&apos;)
        for each in list:
            span = each.find_element_by_tag_name(&apos;span&apos;)
            #print span
&gt;           self.assertTrue(span.text in self.arr)
E           AssertionError: False is not true

test/uitests.py:50: AssertionError</failure></testcase><testcase classname="test.uitests.ApplicationGUI" file="test/uitests.py" line="52" name="test_C_recursive_clicks_on_applications" time="1.27103710175"></testcase><testcase classname="test.uitests.ApplicationGUI" file="test/uitests.py" line="97" name="test_D_instance_in_list" time="1.27889990807"><failure message="AssertionError: False is not true">self = &lt;groundcontrol.test.uitests.ApplicationGUI testMethod=test_D_instance_in_list&gt;

    def test_D_instance_in_list(self):
        time.sleep(1)
        yis = self.driver.find_element_by_id(&apos;yamcs-instance-selected&apos;)
        self.assertTrue(yis.text==&apos;Select&apos;)
        yis.click()
        ul = self.driver.find_element_by_id(&apos;yamcs-instance-list&apos;)
        a = ul.find_elements_by_tag_name(&apos;a&apos;)
        name_list = []
        for each in a:
            name_list.append(each.text)
&gt;       self.assertTrue(&apos;softsim&apos; in name_list)
E       AssertionError: False is not true

test/uitests.py:108: AssertionError</failure></testcase><testcase classname="test.uitests.ApplicationGUI" file="test/uitests.py" line="135" name="test_E_select_instance" time="0.0334179401398"><failure message="AssertionError: False is not true">self = &lt;groundcontrol.test.uitests.ApplicationGUI testMethod=test_E_select_instance&gt;

    def test_E_select_instance(self):
        ul = self.driver.find_element_by_id(&apos;yamcs-instance-list&apos;)
        a = ul.find_elements_by_tag_name(&apos;a&apos;)
    
        for each in a:
            if each.text == &apos;softsim&apos;:
                each.click()
                break
        yis = self.driver.find_element_by_id(&apos;yamcs-instance-selected&apos;)
&gt;       self.assertTrue(yis.text == &apos;softsim&apos;)
E       AssertionError: False is not true

test/uitests.py:145: AssertionError</failure></testcase><testcase classname="test.uitests.ApplicationGUI" file="test/uitests.py" line="148" name="test_F_application_binding" time="0.144271850586"></testcase></testsuite>